# JRE version: OpenJDK Runtime Environment Temurin-17.0.5+8 (17.0.5+8) (build 17.0.5+8)
# Java VM: OpenJDK 64-Bit Server VM Temurin-17.0.5+8 (17.0.5+8, mixed mode, tiered, compressed oops, compressed class ptrs, g1 gc, windows-amd64)
GC Precious Log:
 CPUs: 8 total, 8 available
 Memory: 16167M
 Large Page Support: Disabled
 NUMA Support: Disabled
 Compressed Oops: Enabled (Zero based)
 Heap Region Size: 2M
 Heap Min Capacity: 8M
 Heap Initial Capacity: 254M
 Heap Max Capacity: 4042M
 Pre-touch: Disabled
 Parallel Workers: 8
 Concurrent Workers: 2
 Concurrent Refinement Workers: 8
 Periodic GC: Disabled
Heap:
 garbage-first heap   total 75776K, used 39082K [0x0000000703600000, 0x0000000800000000)
  region size 2048K, 11 young (22528K), 2 survivors (4096K)
 Metaspace       used 70361K, committed 70784K, reserved 1114112K
  class space    used 8973K, committed 9152K, reserved 1048576K
GC Heap History (20 events):
Event: 3.545 GC heap before
{Heap before GC invocations=12 (full 0):
 garbage-first heap   total 34816K, used 21487K [0x0000000703600000, 0x0000000800000000)
  region size 2048K, 5 young (10240K), 1 survivors (2048K)
 Metaspace       used 37074K, committed 37312K, reserved 1089536K
  class space    used 4372K, committed 4480K, reserved 1048576K
}
Event: 3.546 GC heap after
{Heap after GC invocations=13 (full 0):
 garbage-first heap   total 34816K, used 15735K [0x0000000703600000, 0x0000000800000000)
  region size 2048K, 1 young (2048K), 1 survivors (2048K)
 Metaspace       used 37074K, committed 37312K, reserved 1089536K
  class space    used 4372K, committed 4480K, reserved 1048576K
}
Event: 3.600 GC heap before
{Heap before GC invocations=13 (full 0):
 garbage-first heap   total 34816K, used 17783K [0x0000000703600000, 0x0000000800000000)
  region size 2048K, 2 young (4096K), 1 survivors (2048K)
 Metaspace       used 37848K, committed 38144K, reserved 1089536K
  class space    used 4443K, committed 4608K, reserved 1048576K
}
Event: 3.603 GC heap after
{Heap after GC invocations=14 (full 0):
 garbage-first heap   total 34816K, used 15474K [0x0000000703600000, 0x0000000800000000)
  region size 2048K, 1 young (2048K), 1 survivors (2048K)
 Metaspace       used 37848K, committed 38144K, reserved 1089536K
  class space    used 4443K, committed 4608K, reserved 1048576K
}
Event: 3.747 GC heap before
{Heap before GC invocations=14 (full 0):
 garbage-first heap   total 34816K, used 23666K [0x0000000703600000, 0x0000000800000000)
  region size 2048K, 5 young (10240K), 1 survivors (2048K)
 Metaspace       used 39825K, committed 40064K, reserved 1089536K
  class space    used 4789K, committed 4928K, reserved 1048576K
}
Event: 3.748 GC heap after
{Heap after GC invocations=15 (full 0):
 garbage-first heap   total 34816K, used 15836K [0x0000000703600000, 0x0000000800000000)
  region size 2048K, 1 young (2048K), 1 survivors (2048K)
 Metaspace       used 39825K, committed 40064K, reserved 1089536K
  class space    used 4789K, committed 4928K, reserved 1048576K
}
Event: 3.914 GC heap before
{Heap before GC invocations=16 (full 0):
 garbage-first heap   total 34816K, used 24028K [0x0000000703600000, 0x0000000800000000)
  region size 2048K, 5 young (10240K), 1 survivors (2048K)
 Metaspace       used 42122K, committed 42432K, reserved 1089536K
  class space    used 5209K, committed 5376K, reserved 1048576K
}
Event: 3.916 GC heap after
{Heap after GC invocations=17 (full 0):
 garbage-first heap   total 34816K, used 16267K [0x0000000703600000, 0x0000000800000000)
  region size 2048K, 1 young (2048K), 1 survivors (2048K)
 Metaspace       used 42122K, committed 42432K, reserved 1089536K
  class space    used 5209K, committed 5376K, reserved 1048576K
}
Event: 4.095 GC heap before
{Heap before GC invocations=17 (full 0):
 garbage-first heap   total 34816K, used 24459K [0x0000000703600000, 0x0000000800000000)
  region size 2048K, 5 young (10240K), 1 survivors (2048K)
 Metaspace       used 45400K, committed 45696K, reserved 1089536K
  class space    used 5575K, committed 5760K, reserved 1048576K
}
Event: 4.098 GC heap after
{Heap after GC invocations=18 (full 0):
 garbage-first heap   total 34816K, used 17476K [0x0000000703600000, 0x0000000800000000)
  region size 2048K, 1 young (2048K), 1 survivors (2048K)
 Metaspace       used 45400K, committed 45696K, reserved 1089536K
  class space    used 5575K, committed 5760K, reserved 1048576K
}
Event: 4.368 GC heap before
{Heap before GC invocations=19 (full 0):
 garbage-first heap   total 34816K, used 25668K [0x0000000703600000, 0x0000000800000000)
  region size 2048K, 5 young (10240K), 1 survivors (2048K)
 Metaspace       used 50085K, committed 50368K, reserved 1097728K
  class space    used 6228K, committed 6400K, reserved 1048576K
}
Event: 4.371 GC heap after
{Heap after GC invocations=20 (full 0):
 garbage-first heap   total 34816K, used 18183K [0x0000000703600000, 0x0000000800000000)
  region size 2048K, 1 young (2048K), 1 survivors (2048K)
 Metaspace       used 50085K, committed 50368K, reserved 1097728K
  class space    used 6228K, committed 6400K, reserved 1048576K
}
Event: 4.492 GC heap before
{Heap before GC invocations=20 (full 0):
 garbage-first heap   total 34816K, used 24327K [0x0000000703600000, 0x0000000800000000)
  region size 2048K, 4 young (8192K), 1 survivors (2048K)
 Metaspace       used 51149K, committed 51456K, reserved 1097728K
  class space    used 6357K, committed 6528K, reserved 1048576K
}
Event: 4.494 GC heap after
{Heap after GC invocations=21 (full 0):
 garbage-first heap   total 147456K, used 18544K [0x0000000703600000, 0x0000000800000000)
  region size 2048K, 1 young (2048K), 1 survivors (2048K)
 Metaspace       used 51149K, committed 51456K, reserved 1097728K
  class space    used 6357K, committed 6528K, reserved 1048576K
}
Event: 5.590 GC heap before
{Heap before GC invocations=22 (full 0):
 garbage-first heap   total 75776K, used 63600K [0x0000000703600000, 0x0000000800000000)
  region size 2048K, 24 young (49152K), 1 survivors (2048K)
 Metaspace       used 60711K, committed 60992K, reserved 1105920K
  class space    used 7758K, committed 7872K, reserved 1048576K
}
Event: 5.593 GC heap after
{Heap after GC invocations=23 (full 0):
 garbage-first heap   total 75776K, used 21915K [0x0000000703600000, 0x0000000800000000)
  region size 2048K, 3 young (6144K), 3 survivors (6144K)
 Metaspace       used 60711K, committed 60992K, reserved 1105920K
  class space    used 7758K, committed 7872K, reserved 1048576K
}
Event: 5.652 GC heap before
{Heap before GC invocations=23 (full 0):
 garbage-first heap   total 75776K, used 23963K [0x0000000703600000, 0x0000000800000000)
  region size 2048K, 4 young (8192K), 3 survivors (6144K)
 Metaspace       used 60984K, committed 61312K, reserved 1105920K
  class space    used 7794K, committed 7936K, reserved 1048576K
}
Event: 5.655 GC heap after
{Heap after GC invocations=24 (full 0):
 garbage-first heap   total 75776K, used 22460K [0x0000000703600000, 0x0000000800000000)
  region size 2048K, 1 young (2048K), 1 survivors (2048K)
 Metaspace       used 60984K, committed 61312K, reserved 1105920K
  class space    used 7794K, committed 7936K, reserved 1048576K
}
Event: 18.786 GC heap before
{Heap before GC invocations=24 (full 0):
 garbage-first heap   total 75776K, used 57276K [0x0000000703600000, 0x0000000800000000)
  region size 2048K, 18 young (36864K), 1 survivors (2048K)
 Metaspace       used 66931K, committed 67264K, reserved 1114112K
  class space    used 8544K, committed 8704K, reserved 1048576K
}
Event: 18.792 GC heap after
{Heap after GC invocations=25 (full 0):
 garbage-first heap   total 75776K, used 24746K [0x0000000703600000, 0x0000000800000000)
  region size 2048K, 2 young (4096K), 2 survivors (4096K)
 Metaspace       used 66931K, committed 67264K, reserved 1114112K
  class space    used 8544K, committed 8704K, reserved 1048576K
}

